2025-03-03 17:35:58.762 | DEBUG | Game logger initialized with comprehensive debug logging
2025-03-03 17:35:59.017 | INFO | [player] {"health": 100, "max_health": 100, "position": {"x": 400, "y": 300}, "wetness": 0, "fire_resistance": 0, "has_obsidian_armor": false, "obsidian_armor_level": 0, "current_area": "BEACH", "damage_dealt": 0, "damage_taken": 0}
2025-03-03 17:35:59.019 | DEBUG | Created game state snapshot: logs\snapshot_20250303_173559.json
2025-03-03 17:35:59.019 | INFO | [enemy_spawn] {"type": "water_splasher", "id": 2232750589888, "health": 20, "damage": 1, "position": {"x": 416, "y": 107}, "area": "BEACH"}
2025-03-03 17:35:59.020 | INFO | [enemy_spawn] {"type": "water_splasher", "id": 2232750590944, "health": 20, "damage": 1, "position": {"x": 595, "y": 320}, "area": "BEACH"}
2025-03-03 17:35:59.020 | INFO | [enemy_spawn] {"type": "water_splasher", "id": 2232750591040, "health": 20, "damage": 1, "position": {"x": 549, "y": 82}, "area": "BEACH"}
2025-03-03 17:35:59.020 | INFO | [enemy_spawn] {"type": "water_splasher", "id": 2232750591184, "health": 20, "damage": 1, "position": {"x": 634, "y": 325}, "area": "BEACH"}
2025-03-03 17:35:59.021 | INFO | [enemy_spawn] {"type": "water_splasher", "id": 2232750591328, "health": 20, "damage": 1, "position": {"x": 563, "y": 122}, "area": "BEACH"}
2025-03-03 17:35:59.021 | INFO | [enemy_spawn] {"type": "water_splasher", "id": 2232750591424, "health": 20, "damage": 1, "position": {"x": 532, "y": 224}, "area": "BEACH"}
2025-03-03 17:35:59.021 | INFO | [enemy_spawn] {"type": "water_splasher", "id": 2232750591568, "health": 20, "damage": 1, "position": {"x": 447, "y": 356}, "area": "BEACH"}
2025-03-03 17:35:59.021 | INFO | [enemy_spawn] {"type": "water_splasher", "id": 2232750591664, "health": 20, "damage": 1, "position": {"x": 352, "y": 349}, "area": "BEACH"}
2025-03-03 17:35:59.022 | INFO | [enemy_spawn] {"type": "water_splasher", "id": 2232750591808, "health": 20, "damage": 1, "position": {"x": 588, "y": 490}, "area": "BEACH"}
2025-03-03 17:35:59.022 | INFO | [enemy_spawn] {"type": "water_splasher", "id": 2232750591904, "health": 20, "damage": 1, "position": {"x": 123, "y": 261}, "area": "BEACH"}
2025-03-03 17:35:59.022 | INFO | [enemy_spawn] {"type": "water_splasher", "id": 2232750592000, "health": 20, "damage": 1, "position": {"x": 486, "y": 342}, "area": "BEACH"}
2025-03-03 17:35:59.022 | INFO | [enemy_spawn] {"type": "water_splasher", "id": 2232750592096, "health": 20, "damage": 1, "position": {"x": 423, "y": 431}, "area": "BEACH"}
2025-03-03 17:35:59.023 | INFO | [enemy_spawn] {"type": "water_splasher", "id": 2232750592192, "health": 20, "damage": 1, "position": {"x": 192, "y": 295}, "area": "BEACH"}
2025-03-03 17:35:59.023 | INFO | [enemy_spawn] {"type": "water_splasher", "id": 2232750592288, "health": 20, "damage": 1, "position": {"x": 564, "y": 87}, "area": "BEACH"}
2025-03-03 17:35:59.023 | INFO | [enemy_spawn] {"type": "water_splasher", "id": 2232750592384, "health": 20, "damage": 1, "position": {"x": 212, "y": 277}, "area": "BEACH"}
2025-03-03 17:35:59.023 | INFO | [enemies_spawned] {"count": 15, "area": "BEACH", "types": ["water_splasher", "water_splasher", "water_splasher", "water_splasher", "water_splasher", "water_splasher", "water_splasher", "water_splasher", "water_splasher", "water_splasher", "water_splasher", "water_splasher", "water_splasher", "water_splasher", "water_splasher"]}
2025-03-03 17:35:59.024 | INFO | [portal_created] {"source_area": "BEACH", "target_area": "VOLCANO", "position": {"x": 700, "y": 300}}
2025-03-03 17:35:59.024 | WARNING | [area_transition] {"player_id": 2232750589408, "old_area": "BEACH", "new_area": "BEACH", "player_health": 100, "wetness": 0, "has_obsidian_armor": false}
2025-03-03 17:35:59.024 | DEBUG | [splash_message] {"message": "Entered BEACH", "duration": 3.0}
2025-03-03 17:35:59.030 | WARNING | [game_initialized] {"screen_size": [800, 600], "starting_area": "BEACH", "fps": 60}
2025-03-03 17:35:59.166 | INFO | [attack_missed] {"attacker": "water_splasher", "target": "player"}
2025-03-03 17:35:59.184 | WARNING | [player_damage] {"damage_type": "water", "raw_damage": 1, "actual_damage": 1, "health_remaining": 99, "wetness": 2, "obsidian_armor": 0, "effects": ["wetness_increased:2"]}
2025-03-03 17:35:59.185 | WARNING | [combat] {"attacker": "water_splasher", "attacker_id": 2232750591568, "defender": "player", "defender_id": 2232750589408, "damage_attempted": 1, "damage_type": "water", "actual_damage": 1, "resistance_applied": 0, "effects": ["wetness_increased:2"]}
2025-03-03 17:35:59.201 | INFO | [player] {"health": 99, "max_health": 100, "position": {"x": 400, "y": 300}, "wetness": 1.9, "fire_resistance": 1.8, "has_obsidian_armor": false, "obsidian_armor_level": 0, "current_area": "BEACH", "damage_dealt": 0, "damage_taken": 1}
2025-03-03 17:35:59.201 | WARNING | [player_damage] {"damage_type": "water", "raw_damage": 1, "actual_damage": 1, "health_remaining": 98, "wetness": 3.9, "obsidian_armor": 0, "effects": ["wetness_increased:2.0"]}
2025-03-03 17:35:59.202 | WARNING | [combat] {"attacker": "water_splasher", "attacker_id": 2232750591568, "defender": "player", "defender_id": 2232750589408, "damage_attempted": 1, "damage_type": "water", "actual_damage": 1, "resistance_applied": 0, "effects": ["wetness_increased:2.0"]}
2025-03-03 17:35:59.217 | WARNING | [player_damage] {"damage_type": "water", "raw_damage": 1, "actual_damage": 1, "health_remaining": 97, "wetness": 5.8, "obsidian_armor": 0, "effects": ["wetness_increased:2.0"]}
2025-03-03 17:35:59.217 | WARNING | [combat] {"attacker": "water_splasher", "attacker_id": 2232750591568, "defender": "player", "defender_id": 2232750589408, "damage_attempted": 1, "damage_type": "water", "actual_damage": 1, "resistance_applied": 0, "effects": ["wetness_increased:2.0"]}
2025-03-03 17:35:59.234 | INFO | [attack_missed] {"attacker": "water_splasher", "target": "player"}
2025-03-03 17:35:59.250 | INFO | [attack_missed] {"attacker": "water_splasher", "target": "player"}
2025-03-03 17:35:59.266 | WARNING | [player_damage] {"damage_type": "water", "raw_damage": 1, "actual_damage": 1, "health_remaining": 96, "wetness": 7.500000000000001, "obsidian_armor": 0, "effects": ["wetness_increased:2.0"]}
2025-03-03 17:35:59.266 | WARNING | [combat] {"attacker": "water_splasher", "attacker_id": 2232750591568, "defender": "player", "defender_id": 2232750589408, "damage_attempted": 1, "damage_type": "water", "actual_damage": 1, "resistance_applied": 0, "effects": ["wetness_increased:2.0"]}
2025-03-03 17:35:59.284 | WARNING | [player_damage] {"damage_type": "water", "raw_damage": 1, "actual_damage": 1, "health_remaining": 95, "wetness": 9.400000000000002, "obsidian_armor": 0, "effects": ["wetness_increased:2.000000000000001"]}
2025-03-03 17:35:59.285 | WARNING | [combat] {"attacker": "water_splasher", "attacker_id": 2232750591568, "defender": "player", "defender_id": 2232750589408, "damage_attempted": 1, "damage_type": "water", "actual_damage": 1, "resistance_applied": 0, "effects": ["wetness_increased:2.000000000000001"]}
2025-03-03 17:35:59.299 | WARNING | [player_damage] {"damage_type": "water", "raw_damage": 1, "actual_damage": 1, "health_remaining": 94, "wetness": 11.300000000000002, "obsidian_armor": 0, "effects": ["wetness_increased:2.0"]}
2025-03-03 17:35:59.300 | WARNING | [combat] {"attacker": "water_splasher", "attacker_id": 2232750591568, "defender": "player", "defender_id": 2232750589408, "damage_attempted": 1, "damage_type": "water", "actual_damage": 1, "resistance_applied": 0, "effects": ["wetness_increased:2.0"]}
2025-03-03 17:35:59.316 | WARNING | [player_damage] {"damage_type": "water", "raw_damage": 1, "actual_damage": 1, "health_remaining": 93, "wetness": 13.200000000000003, "obsidian_armor": 0, "effects": ["wetness_increased:2.0"]}
2025-03-03 17:35:59.318 | WARNING | [combat] {"attacker": "water_splasher", "attacker_id": 2232750591568, "defender": "player", "defender_id": 2232750589408, "damage_attempted": 1, "damage_type": "water", "actual_damage": 1, "resistance_applied": 0, "effects": ["wetness_increased:2.0"]}
2025-03-03 17:35:59.318 | WARNING | [player_damage] {"damage_type": "water", "raw_damage": 1, "actual_damage": 1, "health_remaining": 92, "wetness": 15.200000000000003, "obsidian_armor": 0, "effects": ["wetness_increased:2.0"]}
2025-03-03 17:35:59.318 | WARNING | [combat] {"attacker": "water_splasher", "attacker_id": 2232750591664, "defender": "player", "defender_id": 2232750589408, "damage_attempted": 1, "damage_type": "water", "actual_damage": 1, "resistance_applied": 0, "effects": ["wetness_increased:2.0"]}
2025-03-03 17:35:59.332 | INFO | [attack_missed] {"attacker": "water_splasher", "target": "player"}
2025-03-03 17:35:59.332 | WARNING | [player_damage] {"damage_type": "water", "raw_damage": 1, "actual_damage": 1, "health_remaining": 91, "wetness": 17.1, "obsidian_armor": 0, "effects": ["wetness_increased:1.9999999999999982"]}
2025-03-03 17:35:59.332 | WARNING | [combat] {"attacker": "water_splasher", "attacker_id": 2232750591664, "defender": "player", "defender_id": 2232750589408, "damage_attempted": 1, "damage_type": "water", "actual_damage": 1, "resistance_applied": 0, "effects": ["wetness_increased:1.9999999999999982"]}
2025-03-03 17:35:59.350 | WARNING | [player_damage] {"damage_type": "water", "raw_damage": 1, "actual_damage": 1, "health_remaining": 90, "wetness": 19.0, "obsidian_armor": 0, "effects": ["wetness_increased:2.0"]}
2025-03-03 17:35:59.351 | WARNING | [combat] {"attacker": "water_splasher", "attacker_id": 2232750591568, "defender": "player", "defender_id": 2232750589408, "damage_attempted": 1, "damage_type": "water", "actual_damage": 1, "resistance_applied": 0, "effects": ["wetness_increased:2.0"]}
2025-03-03 17:35:59.351 | WARNING | [player_damage] {"damage_type": "water", "raw_damage": 1, "actual_damage": 1, "health_remaining": 89, "wetness": 21.0, "obsidian_armor": 0, "effects": ["wetness_increased:2.0"]}
2025-03-03 17:35:59.351 | WARNING | [combat] {"attacker": "water_splasher", "attacker_id": 2232750591664, "defender": "player", "defender_id": 2232750589408, "damage_attempted": 1, "damage_type": "water", "actual_damage": 1, "resistance_applied": 0, "effects": ["wetness_increased:2.0"]}
2025-03-03 17:35:59.366 | WARNING | [player_damage] {"damage_type": "water", "raw_damage": 1, "actual_damage": 1, "health_remaining": 88, "wetness": 22.9, "obsidian_armor": 0, "effects": ["wetness_increased:2.0"]}
2025-03-03 17:35:59.367 | WARNING | [combat] {"attacker": "water_splasher", "attacker_id": 2232750591568, "defender": "player", "defender_id": 2232750589408, "damage_attempted": 1, "damage_type": "water", "actual_damage": 1, "resistance_applied": 0, "effects": ["wetness_increased:2.0"]}
2025-03-03 17:35:59.367 | WARNING | [player_damage] {"damage_type": "water", "raw_damage": 1, "actual_damage": 1, "health_remaining": 87, "wetness": 24.9, "obsidian_armor": 0, "effects": ["wetness_increased:2.0"]}
2025-03-03 17:35:59.367 | WARNING | [combat] {"attacker": "water_splasher", "attacker_id": 2232750591664, "defender": "player", "defender_id": 2232750589408, "damage_attempted": 1, "damage_type": "water", "actual_damage": 1, "resistance_applied": 0, "effects": ["wetness_increased:2.0"]}
2025-03-03 17:35:59.382 | INFO | [player] {"health": 87, "max_health": 100, "position": {"x": 400, "y": 300}, "wetness": 24.799999999999997, "fire_resistance": 22.41, "has_obsidian_armor": false, "obsidian_armor_level": 0, "current_area": "BEACH", "damage_dealt": 0, "damage_taken": 13}
2025-03-03 17:35:59.382 | INFO | [attack_missed] {"attacker": "water_splasher", "target": "player"}
2025-03-03 17:35:59.383 | INFO | [attack_missed] {"attacker": "water_splasher", "target": "player"}
2025-03-03 17:35:59.399 | INFO | [attack_missed] {"attacker": "water_splasher", "target": "player"}
2025-03-03 17:35:59.400 | INFO | [attack_missed] {"attacker": "water_splasher", "target": "player"}
2025-03-03 17:35:59.400 | WARNING | [player_damage] {"damage_type": "water", "raw_damage": 1, "actual_damage": 1, "health_remaining": 86, "wetness": 26.699999999999996, "obsidian_armor": 0, "effects": ["wetness_increased:2.0"]}
2025-03-03 17:35:59.401 | WARNING | [combat] {"attacker": "water_splasher", "attacker_id": 2232750592000, "defender": "player", "defender_id": 2232750589408, "damage_attempted": 1, "damage_type": "water", "actual_damage": 1, "resistance_applied": 0, "effects": ["wetness_increased:2.0"]}
2025-03-03 17:35:59.416 | INFO | [attack_missed] {"attacker": "water_splasher", "target": "player"}
2025-03-03 17:35:59.417 | INFO | [attack_missed] {"attacker": "water_splasher", "target": "player"}
2025-03-03 17:35:59.417 | WARNING | [player_damage] {"damage_type": "water", "raw_damage": 1, "actual_damage": 1, "health_remaining": 85, "wetness": 28.599999999999994, "obsidian_armor": 0, "effects": ["wetness_increased:2.0"]}
2025-03-03 17:35:59.417 | WARNING | [combat] {"attacker": "water_splasher", "attacker_id": 2232750592000, "defender": "player", "defender_id": 2232750589408, "damage_attempted": 1, "damage_type": "water", "actual_damage": 1, "resistance_applied": 0, "effects": ["wetness_increased:2.0"]}
2025-03-03 17:35:59.433 | WARNING | [player_damage] {"damage_type": "water", "raw_damage": 1, "actual_damage": 1, "health_remaining": 84, "wetness": 30.499999999999993, "obsidian_armor": 0, "effects": ["wetness_increased:2.0"]}
2025-03-03 17:35:59.433 | WARNING | [combat] {"attacker": "water_splasher", "attacker_id": 2232750591568, "defender": "player", "defender_id": 2232750589408, "damage_attempted": 1, "damage_type": "water", "actual_damage": 1, "resistance_applied": 0, "effects": ["wetness_increased:2.0"]}
2025-03-03 17:35:59.433 | WARNING | [player_damage] {"damage_type": "water", "raw_damage": 1, "actual_damage": 1, "health_remaining": 83, "wetness": 32.49999999999999, "obsidian_armor": 0, "effects": ["wetness_increased:2.0"]}
2025-03-03 17:35:59.434 | WARNING | [combat] {"attacker": "water_splasher", "attacker_id": 2232750591664, "defender": "player", "defender_id": 2232750589408, "damage_attempted": 1, "damage_type": "water", "actual_damage": 1, "resistance_applied": 0, "effects": ["wetness_increased:2.0"]}
2025-03-03 17:35:59.434 | WARNING | [player_damage] {"damage_type": "water", "raw_damage": 1, "actual_damage": 1, "health_remaining": 82, "wetness": 34.49999999999999, "obsidian_armor": 0, "effects": ["wetness_increased:2.0"]}
2025-03-03 17:35:59.434 | WARNING | [combat] {"attacker": "water_splasher", "attacker_id": 2232750592000, "defender": "player", "defender_id": 2232750589408, "damage_attempted": 1, "damage_type": "water", "actual_damage": 1, "resistance_applied": 0, "effects": ["wetness_increased:2.0"]}
2025-03-03 17:35:59.449 | WARNING | [player_damage] {"damage_type": "water", "raw_damage": 1, "actual_damage": 1, "health_remaining": 81, "wetness": 36.39999999999999, "obsidian_armor": 0, "effects": ["wetness_increased:2.0"]}
2025-03-03 17:35:59.450 | WARNING | [combat] {"attacker": "water_splasher", "attacker_id": 2232750591568, "defender": "player", "defender_id": 2232750589408, "damage_attempted": 1, "damage_type": "water", "actual_damage": 1, "resistance_applied": 0, "effects": ["wetness_increased:2.0"]}
2025-03-03 17:35:59.450 | INFO | [attack_missed] {"attacker": "water_splasher", "target": "player"}
2025-03-03 17:35:59.451 | WARNING | [player_damage] {"damage_type": "water", "raw_damage": 1, "actual_damage": 1, "health_remaining": 80, "wetness": 38.39999999999999, "obsidian_armor": 0, "effects": ["wetness_increased:2.0"]}
2025-03-03 17:35:59.451 | WARNING | [combat] {"attacker": "water_splasher", "attacker_id": 2232750592000, "defender": "player", "defender_id": 2232750589408, "damage_attempted": 1, "damage_type": "water", "actual_damage": 1, "resistance_applied": 0, "effects": ["wetness_increased:2.0"]}
2025-03-03 17:35:59.466 | WARNING | [player_damage] {"damage_type": "water", "raw_damage": 1, "actual_damage": 1, "health_remaining": 79, "wetness": 40.29999999999999, "obsidian_armor": 0, "effects": ["wetness_increased:2.0"]}
2025-03-03 17:35:59.466 | WARNING | [combat] {"attacker": "water_splasher", "attacker_id": 2232750591568, "defender": "player", "defender_id": 2232750589408, "damage_attempted": 1, "damage_type": "water", "actual_damage": 1, "resistance_applied": 0, "effects": ["wetness_increased:2.0"]}
2025-03-03 17:35:59.466 | WARNING | [player_damage] {"damage_type": "water", "raw_damage": 1, "actual_damage": 1, "health_remaining": 78, "wetness": 42.29999999999999, "obsidian_armor": 0, "effects": ["wetness_increased:2.0"]}
2025-03-03 17:35:59.467 | WARNING | [combat] {"attacker": "water_splasher", "attacker_id": 2232750591664, "defender": "player", "defender_id": 2232750589408, "damage_attempted": 1, "damage_type": "water", "actual_damage": 1, "resistance_applied": 0, "effects": ["wetness_increased:2.0"]}
2025-03-03 17:35:59.467 | WARNING | [player_damage] {"damage_type": "water", "raw_damage": 1, "actual_damage": 1, "health_remaining": 77, "wetness": 44.29999999999999, "obsidian_armor": 0, "effects": ["wetness_increased:2.0"]}
2025-03-03 17:35:59.467 | WARNING | [combat] {"attacker": "water_splasher", "attacker_id": 2232750592000, "defender": "player", "defender_id": 2232750589408, "damage_attempted": 1, "damage_type": "water", "actual_damage": 1, "resistance_applied": 0, "effects": ["wetness_increased:2.0"]}
2025-03-03 17:35:59.482 | INFO | [attack_missed] {"attacker": "water_splasher", "target": "player"}
2025-03-03 17:35:59.482 | WARNING | [player_damage] {"damage_type": "water", "raw_damage": 1, "actual_damage": 1, "health_remaining": 76, "wetness": 46.19999999999999, "obsidian_armor": 0, "effects": ["wetness_increased:2.0"]}
2025-03-03 17:35:59.482 | WARNING | [combat] {"attacker": "water_splasher", "attacker_id": 2232750591664, "defender": "player", "defender_id": 2232750589408, "damage_attempted": 1, "damage_type": "water", "actual_damage": 1, "resistance_applied": 0, "effects": ["wetness_increased:2.0"]}
2025-03-03 17:35:59.483 | WARNING | [player_damage] {"damage_type": "water", "raw_damage": 1, "actual_damage": 1, "health_remaining": 75, "wetness": 48.19999999999999, "obsidian_armor": 0, "effects": ["wetness_increased:2.0"]}
2025-03-03 17:35:59.483 | WARNING | [combat] {"attacker": "water_splasher", "attacker_id": 2232750592000, "defender": "player", "defender_id": 2232750589408, "damage_attempted": 1, "damage_type": "water", "actual_damage": 1, "resistance_applied": 0, "effects": ["wetness_increased:2.0"]}
2025-03-03 17:35:59.499 | WARNING | [player_damage] {"damage_type": "water", "raw_damage": 1, "actual_damage": 1, "health_remaining": 74, "wetness": 50.09999999999999, "obsidian_armor": 0, "effects": ["wetness_increased:2.0"]}
2025-03-03 17:35:59.499 | WARNING | [combat] {"attacker": "water_splasher", "attacker_id": 2232750591568, "defender": "player", "defender_id": 2232750589408, "damage_attempted": 1, "damage_type": "water", "actual_damage": 1, "resistance_applied": 0, "effects": ["wetness_increased:2.0"]}
2025-03-03 17:35:59.500 | WARNING | [player_damage] {"damage_type": "water", "raw_damage": 1, "actual_damage": 1, "health_remaining": 73, "wetness": 52.09999999999999, "obsidian_armor": 0, "effects": ["wetness_increased:2.0"]}
2025-03-03 17:35:59.500 | WARNING | [combat] {"attacker": "water_splasher", "attacker_id": 2232750591664, "defender": "player", "defender_id": 2232750589408, "damage_attempted": 1, "damage_type": "water", "actual_damage": 1, "resistance_applied": 0, "effects": ["wetness_increased:2.0"]}
2025-03-03 17:35:59.500 | WARNING | [player_damage] {"damage_type": "water", "raw_damage": 1, "actual_damage": 1, "health_remaining": 72, "wetness": 54.09999999999999, "obsidian_armor": 0, "effects": ["wetness_increased:2.0"]}
2025-03-03 17:35:59.500 | WARNING | [combat] {"attacker": "water_splasher", "attacker_id": 2232750592000, "defender": "player", "defender_id": 2232750589408, "damage_attempted": 1, "damage_type": "water", "actual_damage": 1, "resistance_applied": 0, "effects": ["wetness_increased:2.0"]}
2025-03-03 17:35:59.516 | WARNING | [player_damage] {"damage_type": "water", "raw_damage": 1, "actual_damage": 1, "health_remaining": 71, "wetness": 55.999999999999986, "obsidian_armor": 0, "effects": ["wetness_increased:2.0"]}
2025-03-03 17:35:59.518 | WARNING | [combat] {"attacker": "water_splasher", "attacker_id": 2232750591568, "defender": "player", "defender_id": 2232750589408, "damage_attempted": 1, "damage_type": "water", "actual_damage": 1, "resistance_applied": 0, "effects": ["wetness_increased:2.0"]}
2025-03-03 17:35:59.518 | WARNING | [player_damage] {"damage_type": "water", "raw_damage": 1, "actual_damage": 1, "health_remaining": 70, "wetness": 57.999999999999986, "obsidian_armor": 0, "effects": ["wetness_increased:2.0"]}
2025-03-03 17:35:59.518 | WARNING | [combat] {"attacker": "water_splasher", "attacker_id": 2232750591664, "defender": "player", "defender_id": 2232750589408, "damage_attempted": 1, "damage_type": "water", "actual_damage": 1, "resistance_applied": 0, "effects": ["wetness_increased:2.0"]}
2025-03-03 17:35:59.518 | WARNING | [player_damage] {"damage_type": "water", "raw_damage": 1, "actual_damage": 1, "health_remaining": 69, "wetness": 59.999999999999986, "obsidian_armor": 0, "effects": ["wetness_increased:2.0"]}
2025-03-03 17:35:59.519 | WARNING | [combat] {"attacker": "water_splasher", "attacker_id": 2232750592000, "defender": "player", "defender_id": 2232750589408, "damage_attempted": 1, "damage_type": "water", "actual_damage": 1, "resistance_applied": 0, "effects": ["wetness_increased:2.0"]}
2025-03-03 17:35:59.532 | WARNING | [player_damage] {"damage_type": "water", "raw_damage": 1, "actual_damage": 1, "health_remaining": 68, "wetness": 61.899999999999984, "obsidian_armor": 0, "effects": ["wetness_increased:2.0"]}
2025-03-03 17:35:59.532 | WARNING | [combat] {"attacker": "water_splasher", "attacker_id": 2232750591568, "defender": "player", "defender_id": 2232750589408, "damage_attempted": 1, "damage_type": "water", "actual_damage": 1, "resistance_applied": 0, "effects": ["wetness_increased:2.0"]}
2025-03-03 17:35:59.532 | WARNING | [player_damage] {"damage_type": "water", "raw_damage": 1, "actual_damage": 1, "health_remaining": 67, "wetness": 63.899999999999984, "obsidian_armor": 0, "effects": ["wetness_increased:2.0"]}
2025-03-03 17:35:59.533 | WARNING | [combat] {"attacker": "water_splasher", "attacker_id": 2232750591664, "defender": "player", "defender_id": 2232750589408, "damage_attempted": 1, "damage_type": "water", "actual_damage": 1, "resistance_applied": 0, "effects": ["wetness_increased:2.0"]}
2025-03-03 17:35:59.533 | WARNING | [player_damage] {"damage_type": "water", "raw_damage": 1, "actual_damage": 1, "health_remaining": 66, "wetness": 65.89999999999998, "obsidian_armor": 0, "effects": ["wetness_increased:1.999999999999993"]}
2025-03-03 17:35:59.533 | WARNING | [combat] {"attacker": "water_splasher", "attacker_id": 2232750592000, "defender": "player", "defender_id": 2232750589408, "damage_attempted": 1, "damage_type": "water", "actual_damage": 1, "resistance_applied": 0, "effects": ["wetness_increased:1.999999999999993"]}
2025-03-03 17:35:59.549 | WARNING | [player_damage] {"damage_type": "water", "raw_damage": 1, "actual_damage": 1, "health_remaining": 65, "wetness": 67.79999999999998, "obsidian_armor": 0, "effects": ["wetness_increased:2.0"]}
2025-03-03 17:35:59.549 | WARNING | [combat] {"attacker": "water_splasher", "attacker_id": 2232750591568, "defender": "player", "defender_id": 2232750589408, "damage_attempted": 1, "damage_type": "water", "actual_damage": 1, "resistance_applied": 0, "effects": ["wetness_increased:2.0"]}
2025-03-03 17:35:59.550 | WARNING | [player_damage] {"damage_type": "water", "raw_damage": 1, "actual_damage": 1, "health_remaining": 64, "wetness": 69.79999999999998, "obsidian_armor": 0, "effects": ["wetness_increased:2.0"]}
2025-03-03 17:35:59.550 | WARNING | [combat] {"attacker": "water_splasher", "attacker_id": 2232750591664, "defender": "player", "defender_id": 2232750589408, "damage_attempted": 1, "damage_type": "water", "actual_damage": 1, "resistance_applied": 0, "effects": ["wetness_increased:2.0"]}
2025-03-03 17:35:59.550 | WARNING | [player_damage] {"damage_type": "water", "raw_damage": 1, "actual_damage": 1, "health_remaining": 63, "wetness": 71.79999999999998, "obsidian_armor": 0, "effects": ["wetness_increased:2.0"]}
2025-03-03 17:35:59.550 | WARNING | [combat] {"attacker": "water_splasher", "attacker_id": 2232750592000, "defender": "player", "defender_id": 2232750589408, "damage_attempted": 1, "damage_type": "water", "actual_damage": 1, "resistance_applied": 0, "effects": ["wetness_increased:2.0"]}
2025-03-03 17:35:59.565 | INFO | [attack_missed] {"attacker": "water_splasher", "target": "player"}
2025-03-03 17:35:59.566 | WARNING | [player_damage] {"damage_type": "water", "raw_damage": 1, "actual_damage": 1, "health_remaining": 62, "wetness": 73.69999999999999, "obsidian_armor": 0, "effects": ["wetness_increased:2.0"]}
2025-03-03 17:35:59.566 | WARNING | [combat] {"attacker": "water_splasher", "attacker_id": 2232750591664, "defender": "player", "defender_id": 2232750589408, "damage_attempted": 1, "damage_type": "water", "actual_damage": 1, "resistance_applied": 0, "effects": ["wetness_increased:2.0"]}
2025-03-03 17:35:59.566 | INFO | [attack_missed] {"attacker": "water_splasher", "target": "player"}
2025-03-03 17:35:59.582 | WARNING | [player_damage] {"damage_type": "water", "raw_damage": 1, "actual_damage": 1, "health_remaining": 61, "wetness": 75.6, "obsidian_armor": 0, "effects": ["wetness_increased:2.0"]}
2025-03-03 17:35:59.583 | WARNING | [combat] {"attacker": "water_splasher", "attacker_id": 2232750591568, "defender": "player", "defender_id": 2232750589408, "damage_attempted": 1, "damage_type": "water", "actual_damage": 1, "resistance_applied": 0, "effects": ["wetness_increased:2.0"]}
2025-03-03 17:35:59.583 | WARNING | [player_damage] {"damage_type": "water", "raw_damage": 1, "actual_damage": 1, "health_remaining": 60, "wetness": 77.6, "obsidian_armor": 0, "effects": ["wetness_increased:2.0"]}
2025-03-03 17:35:59.583 | WARNING | [combat] {"attacker": "water_splasher", "attacker_id": 2232750591664, "defender": "player", "defender_id": 2232750589408, "damage_attempted": 1, "damage_type": "water", "actual_damage": 1, "resistance_applied": 0, "effects": ["wetness_increased:2.0"]}
2025-03-03 17:35:59.584 | INFO | [attack_missed] {"attacker": "water_splasher", "target": "player"}
2025-03-03 17:35:59.598 | WARNING | [player_damage] {"damage_type": "water", "raw_damage": 1, "actual_damage": 1, "health_remaining": 59, "wetness": 79.5, "obsidian_armor": 0, "effects": ["wetness_increased:2.0"]}
2025-03-03 17:35:59.598 | WARNING | [combat] {"attacker": "water_splasher", "attacker_id": 2232750591568, "defender": "player", "defender_id": 2232750589408, "damage_attempted": 1, "damage_type": "water", "actual_damage": 1, "resistance_applied": 0, "effects": ["wetness_increased:2.0"]}
2025-03-03 17:35:59.598 | WARNING | [player_damage] {"damage_type": "water", "raw_damage": 1, "actual_damage": 1, "health_remaining": 58, "wetness": 81.5, "obsidian_armor": 0, "effects": ["wetness_increased:2.0"]}
2025-03-03 17:35:59.598 | WARNING | [combat] {"attacker": "water_splasher", "attacker_id": 2232750591664, "defender": "player", "defender_id": 2232750589408, "damage_attempted": 1, "damage_type": "water", "actual_damage": 1, "resistance_applied": 0, "effects": ["wetness_increased:2.0"]}
2025-03-03 17:35:59.600 | WARNING | [player_damage] {"damage_type": "water", "raw_damage": 1, "actual_damage": 1, "health_remaining": 57, "wetness": 83.5, "obsidian_armor": 0, "effects": ["wetness_increased:2.0"]}
2025-03-03 17:35:59.600 | WARNING | [combat] {"attacker": "water_splasher", "attacker_id": 2232750592000, "defender": "player", "defender_id": 2232750589408, "damage_attempted": 1, "damage_type": "water", "actual_damage": 1, "resistance_applied": 0, "effects": ["wetness_increased:2.0"]}
2025-03-03 17:35:59.615 | WARNING | [player_damage] {"damage_type": "water", "raw_damage": 1, "actual_damage": 1, "health_remaining": 56, "wetness": 85.4, "obsidian_armor": 0, "effects": ["wetness_increased:2.0"]}
2025-03-03 17:35:59.616 | WARNING | [combat] {"attacker": "water_splasher", "attacker_id": 2232750591568, "defender": "player", "defender_id": 2232750589408, "damage_attempted": 1, "damage_type": "water", "actual_damage": 1, "resistance_applied": 0, "effects": ["wetness_increased:2.0"]}
2025-03-03 17:35:59.616 | INFO | [attack_missed] {"attacker": "water_splasher", "target": "player"}
2025-03-03 17:35:59.616 | INFO | [attack_missed] {"attacker": "water_splasher", "target": "player"}
2025-03-03 17:35:59.632 | WARNING | [player_damage] {"damage_type": "water", "raw_damage": 1, "actual_damage": 1, "health_remaining": 55, "wetness": 87.30000000000001, "obsidian_armor": 0, "effects": ["wetness_increased:2.0"]}
2025-03-03 17:35:59.632 | WARNING | [combat] {"attacker": "water_splasher", "attacker_id": 2232750591568, "defender": "player", "defender_id": 2232750589408, "damage_attempted": 1, "damage_type": "water", "actual_damage": 1, "resistance_applied": 0, "effects": ["wetness_increased:2.0"]}
2025-03-03 17:35:59.632 | WARNING | [player_damage] {"damage_type": "water", "raw_damage": 1, "actual_damage": 1, "health_remaining": 54, "wetness": 89.30000000000001, "obsidian_armor": 0, "effects": ["wetness_increased:2.0"]}
2025-03-03 17:35:59.633 | WARNING | [combat] {"attacker": "water_splasher", "attacker_id": 2232750591664, "defender": "player", "defender_id": 2232750589408, "damage_attempted": 1, "damage_type": "water", "actual_damage": 1, "resistance_applied": 0, "effects": ["wetness_increased:2.0"]}
2025-03-03 17:35:59.633 | WARNING | [player_damage] {"damage_type": "water", "raw_damage": 1, "actual_damage": 1, "health_remaining": 53, "wetness": 91.30000000000001, "obsidian_armor": 0, "effects": ["wetness_increased:2.0"]}
2025-03-03 17:35:59.633 | WARNING | [combat] {"attacker": "water_splasher", "attacker_id": 2232750592000, "defender": "player", "defender_id": 2232750589408, "damage_attempted": 1, "damage_type": "water", "actual_damage": 1, "resistance_applied": 0, "effects": ["wetness_increased:2.0"]}
2025-03-03 17:35:59.649 | WARNING | [player_damage] {"damage_type": "water", "raw_damage": 1, "actual_damage": 1, "health_remaining": 52, "wetness": 93.20000000000002, "obsidian_armor": 0, "effects": ["wetness_increased:2.0"]}
2025-03-03 17:35:59.649 | WARNING | [combat] {"attacker": "water_splasher", "attacker_id": 2232750591568, "defender": "player", "defender_id": 2232750589408, "damage_attempted": 1, "damage_type": "water", "actual_damage": 1, "resistance_applied": 0, "effects": ["wetness_increased:2.0"]}
2025-03-03 17:35:59.649 | WARNING | [player_damage] {"damage_type": "water", "raw_damage": 1, "actual_damage": 1, "health_remaining": 51, "wetness": 95.20000000000002, "obsidian_armor": 0, "effects": ["wetness_increased:2.0"]}
2025-03-03 17:35:59.651 | WARNING | [combat] {"attacker": "water_splasher", "attacker_id": 2232750591664, "defender": "player", "defender_id": 2232750589408, "damage_attempted": 1, "damage_type": "water", "actual_damage": 1, "resistance_applied": 0, "effects": ["wetness_increased:2.0"]}
2025-03-03 17:35:59.651 | WARNING | [player_damage] {"damage_type": "water", "raw_damage": 1, "actual_damage": 1, "health_remaining": 50, "wetness": 97.20000000000002, "obsidian_armor": 0, "effects": ["wetness_increased:2.0"]}
2025-03-03 17:35:59.651 | WARNING | [combat] {"attacker": "water_splasher", "attacker_id": 2232750592000, "defender": "player", "defender_id": 2232750589408, "damage_attempted": 1, "damage_type": "water", "actual_damage": 1, "resistance_applied": 0, "effects": ["wetness_increased:2.0"]}
2025-03-03 17:35:59.666 | WARNING | [player_damage] {"damage_type": "water", "raw_damage": 1, "actual_damage": 1, "health_remaining": 49, "wetness": 99.10000000000002, "obsidian_armor": 0, "effects": ["wetness_increased:2.0"]}
2025-03-03 17:35:59.667 | WARNING | [combat] {"attacker": "water_splasher", "attacker_id": 2232750591568, "defender": "player", "defender_id": 2232750589408, "damage_attempted": 1, "damage_type": "water", "actual_damage": 1, "resistance_applied": 0, "effects": ["wetness_increased:2.0"]}
2025-03-03 17:35:59.667 | INFO | [attack_missed] {"attacker": "water_splasher", "target": "player"}
2025-03-03 17:35:59.667 | WARNING | [player_damage] {"damage_type": "water", "raw_damage": 1, "actual_damage": 1, "health_remaining": 48, "wetness": 100, "obsidian_armor": 0, "effects": ["wetness_increased:0.8999999999999773"]}
2025-03-03 17:35:59.667 | WARNING | [combat] {"attacker": "water_splasher", "attacker_id": 2232750592000, "defender": "player", "defender_id": 2232750589408, "damage_attempted": 1, "damage_type": "water", "actual_damage": 1, "resistance_applied": 0, "effects": ["wetness_increased:0.8999999999999773"]}
2025-03-03 17:35:59.682 | WARNING | [player_damage] {"damage_type": "water", "raw_damage": 1, "actual_damage": 1, "health_remaining": 47, "wetness": 100, "obsidian_armor": 0, "effects": ["wetness_increased:0.09999999999999432"]}
2025-03-03 17:35:59.683 | WARNING | [combat] {"attacker": "water_splasher", "attacker_id": 2232750591568, "defender": "player", "defender_id": 2232750589408, "damage_attempted": 1, "damage_type": "water", "actual_damage": 1, "resistance_applied": 0, "effects": ["wetness_increased:0.09999999999999432"]}
2025-03-03 17:35:59.683 | WARNING | [player_damage] {"damage_type": "water", "raw_damage": 1, "actual_damage": 1, "health_remaining": 46, "wetness": 100, "obsidian_armor": 0, "effects": ["wetness_increased:0"]}
2025-03-03 17:35:59.683 | WARNING | [combat] {"attacker": "water_splasher", "attacker_id": 2232750591664, "defender": "player", "defender_id": 2232750589408, "damage_attempted": 1, "damage_type": "water", "actual_damage": 1, "resistance_applied": 0, "effects": ["wetness_increased:0"]}
2025-03-03 17:35:59.683 | INFO | [attack_missed] {"attacker": "water_splasher", "target": "player"}
2025-03-03 17:35:59.698 | WARNING | [player_damage] {"damage_type": "water", "raw_damage": 1, "actual_damage": 1, "health_remaining": 45, "wetness": 100, "obsidian_armor": 0, "effects": ["wetness_increased:0.09999999999999432"]}
2025-03-03 17:35:59.698 | WARNING | [combat] {"attacker": "water_splasher", "attacker_id": 2232750591568, "defender": "player", "defender_id": 2232750589408, "damage_attempted": 1, "damage_type": "water", "actual_damage": 1, "resistance_applied": 0, "effects": ["wetness_increased:0.09999999999999432"]}
2025-03-03 17:35:59.698 | WARNING | [player_damage] {"damage_type": "water", "raw_damage": 1, "actual_damage": 1, "health_remaining": 44, "wetness": 100, "obsidian_armor": 0, "effects": ["wetness_increased:0"]}
2025-03-03 17:35:59.699 | WARNING | [combat] {"attacker": "water_splasher", "attacker_id": 2232750591664, "defender": "player", "defender_id": 2232750589408, "damage_attempted": 1, "damage_type": "water", "actual_damage": 1, "resistance_applied": 0, "effects": ["wetness_increased:0"]}
2025-03-03 17:35:59.699 | WARNING | [player_damage] {"damage_type": "water", "raw_damage": 1, "actual_damage": 1, "health_remaining": 43, "wetness": 100, "obsidian_armor": 0, "effects": ["wetness_increased:0"]}
2025-03-03 17:35:59.699 | WARNING | [combat] {"attacker": "water_splasher", "attacker_id": 2232750592000, "defender": "player", "defender_id": 2232750589408, "damage_attempted": 1, "damage_type": "water", "actual_damage": 1, "resistance_applied": 0, "effects": ["wetness_increased:0"]}
2025-03-03 17:35:59.715 | WARNING | [player_damage] {"damage_type": "water", "raw_damage": 1, "actual_damage": 1, "health_remaining": 42, "wetness": 100, "obsidian_armor": 0, "effects": ["wetness_increased:0.09999999999999432"]}
2025-03-03 17:35:59.715 | WARNING | [combat] {"attacker": "water_splasher", "attacker_id": 2232750591568, "defender": "player", "defender_id": 2232750589408, "damage_attempted": 1, "damage_type": "water", "actual_damage": 1, "resistance_applied": 0, "effects": ["wetness_increased:0.09999999999999432"]}
2025-03-03 17:35:59.715 | INFO | [attack_missed] {"attacker": "water_splasher", "target": "player"}
2025-03-03 17:35:59.715 | WARNING | [player_damage] {"damage_type": "water", "raw_damage": 1, "actual_damage": 1, "health_remaining": 41, "wetness": 100, "obsidian_armor": 0, "effects": ["wetness_increased:0"]}
2025-03-03 17:35:59.716 | WARNING | [combat] {"attacker": "water_splasher", "attacker_id": 2232750592000, "defender": "player", "defender_id": 2232750589408, "damage_attempted": 1, "damage_type": "water", "actual_damage": 1, "resistance_applied": 0, "effects": ["wetness_increased:0"]}
2025-03-03 17:35:59.730 | WARNING | [player_damage] {"damage_type": "water", "raw_damage": 1, "actual_damage": 1, "health_remaining": 40, "wetness": 100, "obsidian_armor": 0, "effects": ["wetness_increased:0.09999999999999432"]}
2025-03-03 17:35:59.730 | WARNING | [combat] {"attacker": "water_splasher", "attacker_id": 2232750591568, "defender": "player", "defender_id": 2232750589408, "damage_attempted": 1, "damage_type": "water", "actual_damage": 1, "resistance_applied": 0, "effects": ["wetness_increased:0.09999999999999432"]}
2025-03-03 17:35:59.730 | WARNING | [player_damage] {"damage_type": "water", "raw_damage": 1, "actual_damage": 1, "health_remaining": 39, "wetness": 100, "obsidian_armor": 0, "effects": ["wetness_increased:0"]}
2025-03-03 17:35:59.730 | WARNING | [combat] {"attacker": "water_splasher", "attacker_id": 2232750591664, "defender": "player", "defender_id": 2232750589408, "damage_attempted": 1, "damage_type": "water", "actual_damage": 1, "resistance_applied": 0, "effects": ["wetness_increased:0"]}
2025-03-03 17:35:59.732 | WARNING | [player_damage] {"damage_type": "water", "raw_damage": 1, "actual_damage": 1, "health_remaining": 38, "wetness": 100, "obsidian_armor": 0, "effects": ["wetness_increased:0"]}
2025-03-03 17:35:59.732 | WARNING | [combat] {"attacker": "water_splasher", "attacker_id": 2232750592000, "defender": "player", "defender_id": 2232750589408, "damage_attempted": 1, "damage_type": "water", "actual_damage": 1, "resistance_applied": 0, "effects": ["wetness_increased:0"]}
2025-03-03 17:35:59.748 | WARNING | [player_damage] {"damage_type": "water", "raw_damage": 1, "actual_damage": 1, "health_remaining": 37, "wetness": 100, "obsidian_armor": 0, "effects": ["wetness_increased:0.09999999999999432"]}
2025-03-03 17:35:59.748 | WARNING | [combat] {"attacker": "water_splasher", "attacker_id": 2232750591568, "defender": "player", "defender_id": 2232750589408, "damage_attempted": 1, "damage_type": "water", "actual_damage": 1, "resistance_applied": 0, "effects": ["wetness_increased:0.09999999999999432"]}
2025-03-03 17:35:59.749 | WARNING | [player_damage] {"damage_type": "water", "raw_damage": 1, "actual_damage": 1, "health_remaining": 36, "wetness": 100, "obsidian_armor": 0, "effects": ["wetness_increased:0"]}
2025-03-03 17:35:59.749 | WARNING | [combat] {"attacker": "water_splasher", "attacker_id": 2232750591664, "defender": "player", "defender_id": 2232750589408, "damage_attempted": 1, "damage_type": "water", "actual_damage": 1, "resistance_applied": 0, "effects": ["wetness_increased:0"]}
2025-03-03 17:35:59.749 | WARNING | [player_damage] {"damage_type": "water", "raw_damage": 1, "actual_damage": 1, "health_remaining": 35, "wetness": 100, "obsidian_armor": 0, "effects": ["wetness_increased:0"]}
2025-03-03 17:35:59.749 | WARNING | [combat] {"attacker": "water_splasher", "attacker_id": 2232750592000, "defender": "player", "defender_id": 2232750589408, "damage_attempted": 1, "damage_type": "water", "actual_damage": 1, "resistance_applied": 0, "effects": ["wetness_increased:0"]}
2025-03-03 17:35:59.764 | WARNING | [player_damage] {"damage_type": "water", "raw_damage": 1, "actual_damage": 1, "health_remaining": 34, "wetness": 100, "obsidian_armor": 0, "effects": ["wetness_increased:0.09999999999999432"]}
2025-03-03 17:35:59.764 | WARNING | [combat] {"attacker": "water_splasher", "attacker_id": 2232750591568, "defender": "player", "defender_id": 2232750589408, "damage_attempted": 1, "damage_type": "water", "actual_damage": 1, "resistance_applied": 0, "effects": ["wetness_increased:0.09999999999999432"]}
2025-03-03 17:35:59.764 | WARNING | [player_damage] {"damage_type": "water", "raw_damage": 1, "actual_damage": 1, "health_remaining": 33, "wetness": 100, "obsidian_armor": 0, "effects": ["wetness_increased:0"]}
2025-03-03 17:35:59.765 | WARNING | [combat] {"attacker": "water_splasher", "attacker_id": 2232750591664, "defender": "player", "defender_id": 2232750589408, "damage_attempted": 1, "damage_type": "water", "actual_damage": 1, "resistance_applied": 0, "effects": ["wetness_increased:0"]}
2025-03-03 17:35:59.765 | INFO | [attack_missed] {"attacker": "water_splasher", "target": "player"}
2025-03-03 17:35:59.781 | INFO | [attack_missed] {"attacker": "water_splasher", "target": "player"}
2025-03-03 17:35:59.782 | WARNING | [player_damage] {"damage_type": "water", "raw_damage": 1, "actual_damage": 1, "health_remaining": 32, "wetness": 100, "obsidian_armor": 0, "effects": ["wetness_increased:0.09999999999999432"]}
2025-03-03 17:35:59.782 | WARNING | [combat] {"attacker": "water_splasher", "attacker_id": 2232750591664, "defender": "player", "defender_id": 2232750589408, "damage_attempted": 1, "damage_type": "water", "actual_damage": 1, "resistance_applied": 0, "effects": ["wetness_increased:0.09999999999999432"]}
2025-03-03 17:35:59.783 | WARNING | [player_damage] {"damage_type": "water", "raw_damage": 1, "actual_damage": 1, "health_remaining": 31, "wetness": 100, "obsidian_armor": 0, "effects": ["wetness_increased:0"]}
2025-03-03 17:35:59.783 | WARNING | [combat] {"attacker": "water_splasher", "attacker_id": 2232750592000, "defender": "player", "defender_id": 2232750589408, "damage_attempted": 1, "damage_type": "water", "actual_damage": 1, "resistance_applied": 0, "effects": ["wetness_increased:0"]}
2025-03-03 17:35:59.797 | INFO | [attack_missed] {"attacker": "water_splasher", "target": "player"}
2025-03-03 17:35:59.797 | INFO | [attack_missed] {"attacker": "water_splasher", "target": "player"}
2025-03-03 17:35:59.798 | INFO | [attack_missed] {"attacker": "water_splasher", "target": "player"}
2025-03-03 17:35:59.814 | WARNING | [player_damage] {"damage_type": "water", "raw_damage": 1, "actual_damage": 1, "health_remaining": 30, "wetness": 100, "obsidian_armor": 0, "effects": ["wetness_increased:0.19999999999998863"]}
2025-03-03 17:35:59.815 | WARNING | [combat] {"attacker": "water_splasher", "attacker_id": 2232750591568, "defender": "player", "defender_id": 2232750589408, "damage_attempted": 1, "damage_type": "water", "actual_damage": 1, "resistance_applied": 0, "effects": ["wetness_increased:0.19999999999998863"]}
2025-03-03 17:35:59.815 | WARNING | [player_damage] {"damage_type": "water", "raw_damage": 1, "actual_damage": 1, "health_remaining": 29, "wetness": 100, "obsidian_armor": 0, "effects": ["wetness_increased:0"]}
2025-03-03 17:35:59.815 | WARNING | [combat] {"attacker": "water_splasher", "attacker_id": 2232750591664, "defender": "player", "defender_id": 2232750589408, "damage_attempted": 1, "damage_type": "water", "actual_damage": 1, "resistance_applied": 0, "effects": ["wetness_increased:0"]}
2025-03-03 17:35:59.816 | WARNING | [player_damage] {"damage_type": "water", "raw_damage": 1, "actual_damage": 1, "health_remaining": 28, "wetness": 100, "obsidian_armor": 0, "effects": ["wetness_increased:0"]}
2025-03-03 17:35:59.816 | WARNING | [combat] {"attacker": "water_splasher", "attacker_id": 2232750592000, "defender": "player", "defender_id": 2232750589408, "damage_attempted": 1, "damage_type": "water", "actual_damage": 1, "resistance_applied": 0, "effects": ["wetness_increased:0"]}
2025-03-03 17:35:59.831 | WARNING | [player_damage] {"damage_type": "water", "raw_damage": 1, "actual_damage": 1, "health_remaining": 27, "wetness": 100, "obsidian_armor": 0, "effects": ["wetness_increased:0.09999999999999432"]}
2025-03-03 17:35:59.831 | WARNING | [combat] {"attacker": "water_splasher", "attacker_id": 2232750591568, "defender": "player", "defender_id": 2232750589408, "damage_attempted": 1, "damage_type": "water", "actual_damage": 1, "resistance_applied": 0, "effects": ["wetness_increased:0.09999999999999432"]}
2025-03-03 17:35:59.831 | WARNING | [player_damage] {"damage_type": "water", "raw_damage": 1, "actual_damage": 1, "health_remaining": 26, "wetness": 100, "obsidian_armor": 0, "effects": ["wetness_increased:0"]}
2025-03-03 17:35:59.833 | WARNING | [combat] {"attacker": "water_splasher", "attacker_id": 2232750591664, "defender": "player", "defender_id": 2232750589408, "damage_attempted": 1, "damage_type": "water", "actual_damage": 1, "resistance_applied": 0, "effects": ["wetness_increased:0"]}
2025-03-03 17:35:59.833 | INFO | [attack_missed] {"attacker": "water_splasher", "target": "player"}
2025-03-03 17:35:59.850 | WARNING | [player_damage] {"damage_type": "water", "raw_damage": 1, "actual_damage": 1, "health_remaining": 25, "wetness": 100, "obsidian_armor": 0, "effects": ["wetness_increased:0.09999999999999432"]}
2025-03-03 17:35:59.850 | WARNING | [combat] {"attacker": "water_splasher", "attacker_id": 2232750591568, "defender": "player", "defender_id": 2232750589408, "damage_attempted": 1, "damage_type": "water", "actual_damage": 1, "resistance_applied": 0, "effects": ["wetness_increased:0.09999999999999432"]}
2025-03-03 17:35:59.850 | INFO | [attack_missed] {"attacker": "water_splasher", "target": "player"}
2025-03-03 17:35:59.850 | WARNING | [player_damage] {"damage_type": "water", "raw_damage": 1, "actual_damage": 1, "health_remaining": 24, "wetness": 100, "obsidian_armor": 0, "effects": ["wetness_increased:0"]}
2025-03-03 17:35:59.851 | WARNING | [combat] {"attacker": "water_splasher", "attacker_id": 2232750592000, "defender": "player", "defender_id": 2232750589408, "damage_attempted": 1, "damage_type": "water", "actual_damage": 1, "resistance_applied": 0, "effects": ["wetness_increased:0"]}
2025-03-03 17:35:59.865 | WARNING | [player_damage] {"damage_type": "water", "raw_damage": 1, "actual_damage": 1, "health_remaining": 23, "wetness": 100, "obsidian_armor": 0, "effects": ["wetness_increased:0.09999999999999432"]}
2025-03-03 17:35:59.866 | WARNING | [combat] {"attacker": "water_splasher", "attacker_id": 2232750591568, "defender": "player", "defender_id": 2232750589408, "damage_attempted": 1, "damage_type": "water", "actual_damage": 1, "resistance_applied": 0, "effects": ["wetness_increased:0.09999999999999432"]}
2025-03-03 17:35:59.866 | WARNING | [player_damage] {"damage_type": "water", "raw_damage": 1, "actual_damage": 1, "health_remaining": 22, "wetness": 100, "obsidian_armor": 0, "effects": ["wetness_increased:0"]}
2025-03-03 17:35:59.866 | WARNING | [combat] {"attacker": "water_splasher", "attacker_id": 2232750591664, "defender": "player", "defender_id": 2232750589408, "damage_attempted": 1, "damage_type": "water", "actual_damage": 1, "resistance_applied": 0, "effects": ["wetness_increased:0"]}
2025-03-03 17:35:59.866 | WARNING | [player_damage] {"damage_type": "water", "raw_damage": 1, "actual_damage": 1, "health_remaining": 21, "wetness": 100, "obsidian_armor": 0, "effects": ["wetness_increased:0"]}
2025-03-03 17:35:59.866 | WARNING | [combat] {"attacker": "water_splasher", "attacker_id": 2232750592000, "defender": "player", "defender_id": 2232750589408, "damage_attempted": 1, "damage_type": "water", "actual_damage": 1, "resistance_applied": 0, "effects": ["wetness_increased:0"]}
2025-03-03 17:35:59.881 | WARNING | [player_damage] {"damage_type": "water", "raw_damage": 1, "actual_damage": 1, "health_remaining": 20, "wetness": 100, "obsidian_armor": 0, "effects": ["wetness_increased:0.09999999999999432"]}
2025-03-03 17:35:59.881 | WARNING | [combat] {"attacker": "water_splasher", "attacker_id": 2232750591568, "defender": "player", "defender_id": 2232750589408, "damage_attempted": 1, "damage_type": "water", "actual_damage": 1, "resistance_applied": 0, "effects": ["wetness_increased:0.09999999999999432"]}
2025-03-03 17:35:59.882 | INFO | [attack_missed] {"attacker": "water_splasher", "target": "player"}
2025-03-03 17:35:59.882 | WARNING | [player_damage] {"damage_type": "water", "raw_damage": 1, "actual_damage": 1, "health_remaining": 19, "wetness": 100, "obsidian_armor": 0, "effects": ["wetness_increased:0"]}
2025-03-03 17:35:59.882 | WARNING | [combat] {"attacker": "water_splasher", "attacker_id": 2232750592000, "defender": "player", "defender_id": 2232750589408, "damage_attempted": 1, "damage_type": "water", "actual_damage": 1, "resistance_applied": 0, "effects": ["wetness_increased:0"]}
2025-03-03 17:35:59.897 | WARNING | [player_damage] {"damage_type": "water", "raw_damage": 1, "actual_damage": 1, "health_remaining": 18, "wetness": 100, "obsidian_armor": 0, "effects": ["wetness_increased:0.09999999999999432"]}
2025-03-03 17:35:59.898 | WARNING | [combat] {"attacker": "water_splasher", "attacker_id": 2232750591568, "defender": "player", "defender_id": 2232750589408, "damage_attempted": 1, "damage_type": "water", "actual_damage": 1, "resistance_applied": 0, "effects": ["wetness_increased:0.09999999999999432"]}
2025-03-03 17:35:59.898 | WARNING | [player_damage] {"damage_type": "water", "raw_damage": 1, "actual_damage": 1, "health_remaining": 17, "wetness": 100, "obsidian_armor": 0, "effects": ["wetness_increased:0"]}
2025-03-03 17:35:59.898 | WARNING | [combat] {"attacker": "water_splasher", "attacker_id": 2232750591664, "defender": "player", "defender_id": 2232750589408, "damage_attempted": 1, "damage_type": "water", "actual_damage": 1, "resistance_applied": 0, "effects": ["wetness_increased:0"]}
2025-03-03 17:35:59.899 | WARNING | [player_damage] {"damage_type": "water", "raw_damage": 1, "actual_damage": 1, "health_remaining": 16, "wetness": 100, "obsidian_armor": 0, "effects": ["wetness_increased:0"]}
2025-03-03 17:35:59.899 | WARNING | [combat] {"attacker": "water_splasher", "attacker_id": 2232750592000, "defender": "player", "defender_id": 2232750589408, "damage_attempted": 1, "damage_type": "water", "actual_damage": 1, "resistance_applied": 0, "effects": ["wetness_increased:0"]}
2025-03-03 17:35:59.915 | INFO | [attack_missed] {"attacker": "water_splasher", "target": "player"}
2025-03-03 17:35:59.915 | WARNING | [player_damage] {"damage_type": "water", "raw_damage": 1, "actual_damage": 1, "health_remaining": 15, "wetness": 100, "obsidian_armor": 0, "effects": ["wetness_increased:0.09999999999999432"]}
2025-03-03 17:35:59.915 | WARNING | [combat] {"attacker": "water_splasher", "attacker_id": 2232750591664, "defender": "player", "defender_id": 2232750589408, "damage_attempted": 1, "damage_type": "water", "actual_damage": 1, "resistance_applied": 0, "effects": ["wetness_increased:0.09999999999999432"]}
2025-03-03 17:35:59.916 | WARNING | [player_damage] {"damage_type": "water", "raw_damage": 1, "actual_damage": 1, "health_remaining": 14, "wetness": 100, "obsidian_armor": 0, "effects": ["wetness_increased:0"]}
2025-03-03 17:35:59.916 | WARNING | [combat] {"attacker": "water_splasher", "attacker_id": 2232750592000, "defender": "player", "defender_id": 2232750589408, "damage_attempted": 1, "damage_type": "water", "actual_damage": 1, "resistance_applied": 0, "effects": ["wetness_increased:0"]}
2025-03-03 17:35:59.930 | WARNING | [player_damage] {"damage_type": "water", "raw_damage": 1, "actual_damage": 1, "health_remaining": 13, "wetness": 100, "obsidian_armor": 0, "effects": ["wetness_increased:0.09999999999999432"]}
2025-03-03 17:35:59.930 | WARNING | [combat] {"attacker": "water_splasher", "attacker_id": 2232750591568, "defender": "player", "defender_id": 2232750589408, "damage_attempted": 1, "damage_type": "water", "actual_damage": 1, "resistance_applied": 0, "effects": ["wetness_increased:0.09999999999999432"]}
2025-03-03 17:35:59.930 | WARNING | [player_damage] {"damage_type": "water", "raw_damage": 1, "actual_damage": 1, "health_remaining": 12, "wetness": 100, "obsidian_armor": 0, "effects": ["wetness_increased:0"]}
2025-03-03 17:35:59.932 | WARNING | [combat] {"attacker": "water_splasher", "attacker_id": 2232750591664, "defender": "player", "defender_id": 2232750589408, "damage_attempted": 1, "damage_type": "water", "actual_damage": 1, "resistance_applied": 0, "effects": ["wetness_increased:0"]}
2025-03-03 17:35:59.932 | WARNING | [player_damage] {"damage_type": "water", "raw_damage": 1, "actual_damage": 1, "health_remaining": 11, "wetness": 100, "obsidian_armor": 0, "effects": ["wetness_increased:0"]}
2025-03-03 17:35:59.932 | WARNING | [combat] {"attacker": "water_splasher", "attacker_id": 2232750592000, "defender": "player", "defender_id": 2232750589408, "damage_attempted": 1, "damage_type": "water", "actual_damage": 1, "resistance_applied": 0, "effects": ["wetness_increased:0"]}
2025-03-03 17:35:59.946 | WARNING | [player_damage] {"damage_type": "water", "raw_damage": 1, "actual_damage": 1, "health_remaining": 10, "wetness": 100, "obsidian_armor": 0, "effects": ["wetness_increased:0.09999999999999432"]}
2025-03-03 17:35:59.946 | WARNING | [combat] {"attacker": "water_splasher", "attacker_id": 2232750591568, "defender": "player", "defender_id": 2232750589408, "damage_attempted": 1, "damage_type": "water", "actual_damage": 1, "resistance_applied": 0, "effects": ["wetness_increased:0.09999999999999432"]}
2025-03-03 17:35:59.946 | WARNING | [player_damage] {"damage_type": "water", "raw_damage": 1, "actual_damage": 1, "health_remaining": 9, "wetness": 100, "obsidian_armor": 0, "effects": ["wetness_increased:0"]}
2025-03-03 17:35:59.947 | WARNING | [combat] {"attacker": "water_splasher", "attacker_id": 2232750591664, "defender": "player", "defender_id": 2232750589408, "damage_attempted": 1, "damage_type": "water", "actual_damage": 1, "resistance_applied": 0, "effects": ["wetness_increased:0"]}
2025-03-03 17:35:59.947 | WARNING | [player_damage] {"damage_type": "water", "raw_damage": 1, "actual_damage": 1, "health_remaining": 8, "wetness": 100, "obsidian_armor": 0, "effects": ["wetness_increased:0"]}
2025-03-03 17:35:59.947 | WARNING | [combat] {"attacker": "water_splasher", "attacker_id": 2232750592000, "defender": "player", "defender_id": 2232750589408, "damage_attempted": 1, "damage_type": "water", "actual_damage": 1, "resistance_applied": 0, "effects": ["wetness_increased:0"]}
2025-03-03 17:35:59.962 | WARNING | [player_damage] {"damage_type": "water", "raw_damage": 1, "actual_damage": 1, "health_remaining": 7, "wetness": 100, "obsidian_armor": 0, "effects": ["wetness_increased:0.09999999999999432"]}
2025-03-03 17:35:59.963 | WARNING | [combat] {"attacker": "water_splasher", "attacker_id": 2232750591568, "defender": "player", "defender_id": 2232750589408, "damage_attempted": 1, "damage_type": "water", "actual_damage": 1, "resistance_applied": 0, "effects": ["wetness_increased:0.09999999999999432"]}
2025-03-03 17:35:59.963 | WARNING | [player_damage] {"damage_type": "water", "raw_damage": 1, "actual_damage": 1, "health_remaining": 6, "wetness": 100, "obsidian_armor": 0, "effects": ["wetness_increased:0"]}
2025-03-03 17:35:59.963 | WARNING | [combat] {"attacker": "water_splasher", "attacker_id": 2232750591664, "defender": "player", "defender_id": 2232750589408, "damage_attempted": 1, "damage_type": "water", "actual_damage": 1, "resistance_applied": 0, "effects": ["wetness_increased:0"]}
2025-03-03 17:35:59.964 | WARNING | [player_damage] {"damage_type": "water", "raw_damage": 1, "actual_damage": 1, "health_remaining": 5, "wetness": 100, "obsidian_armor": 0, "effects": ["wetness_increased:0"]}
2025-03-03 17:35:59.964 | WARNING | [combat] {"attacker": "water_splasher", "attacker_id": 2232750592000, "defender": "player", "defender_id": 2232750589408, "damage_attempted": 1, "damage_type": "water", "actual_damage": 1, "resistance_applied": 0, "effects": ["wetness_increased:0"]}
2025-03-03 17:35:59.980 | INFO | [player] {"health": 5, "max_health": 100, "position": {"x": 400, "y": 300}, "wetness": 99.9, "fire_resistance": 90.0, "has_obsidian_armor": false, "obsidian_armor_level": 0, "current_area": "BEACH", "damage_dealt": 0, "damage_taken": 95}
2025-03-03 17:35:59.980 | WARNING | [player_damage] {"damage_type": "water", "raw_damage": 1, "actual_damage": 1, "health_remaining": 4, "wetness": 100, "obsidian_armor": 0, "effects": ["wetness_increased:0.09999999999999432"]}
2025-03-03 17:35:59.981 | WARNING | [combat] {"attacker": "water_splasher", "attacker_id": 2232750591568, "defender": "player", "defender_id": 2232750589408, "damage_attempted": 1, "damage_type": "water", "actual_damage": 1, "resistance_applied": 0, "effects": ["wetness_increased:0.09999999999999432"]}
2025-03-03 17:35:59.981 | WARNING | [player_damage] {"damage_type": "water", "raw_damage": 1, "actual_damage": 1, "health_remaining": 3, "wetness": 100, "obsidian_armor": 0, "effects": ["wetness_increased:0"]}
2025-03-03 17:35:59.981 | WARNING | [combat] {"attacker": "water_splasher", "attacker_id": 2232750591664, "defender": "player", "defender_id": 2232750589408, "damage_attempted": 1, "damage_type": "water", "actual_damage": 1, "resistance_applied": 0, "effects": ["wetness_increased:0"]}
2025-03-03 17:35:59.981 | WARNING | [player_damage] {"damage_type": "water", "raw_damage": 1, "actual_damage": 1, "health_remaining": 2, "wetness": 100, "obsidian_armor": 0, "effects": ["wetness_increased:0"]}
2025-03-03 17:35:59.982 | WARNING | [combat] {"attacker": "water_splasher", "attacker_id": 2232750592000, "defender": "player", "defender_id": 2232750589408, "damage_attempted": 1, "damage_type": "water", "actual_damage": 1, "resistance_applied": 0, "effects": ["wetness_increased:0"]}
2025-03-03 17:35:59.996 | WARNING | [player_damage] {"damage_type": "water", "raw_damage": 1, "actual_damage": 1, "health_remaining": 1, "wetness": 100, "obsidian_armor": 0, "effects": ["wetness_increased:0.09999999999999432"]}
2025-03-03 17:35:59.996 | WARNING | [combat] {"attacker": "water_splasher", "attacker_id": 2232750591568, "defender": "player", "defender_id": 2232750589408, "damage_attempted": 1, "damage_type": "water", "actual_damage": 1, "resistance_applied": 0, "effects": ["wetness_increased:0.09999999999999432"]}
2025-03-03 17:35:59.997 | WARNING | [player_damage] {"damage_type": "water", "raw_damage": 1, "actual_damage": 1, "health_remaining": 0, "wetness": 100, "obsidian_armor": 0, "effects": ["wetness_increased:0"]}
2025-03-03 17:35:59.997 | WARNING | [combat] {"attacker": "water_splasher", "attacker_id": 2232750591664, "defender": "player", "defender_id": 2232750589408, "damage_attempted": 1, "damage_type": "water", "actual_damage": 1, "resistance_applied": 0, "effects": ["wetness_increased:0"]}
2025-03-03 17:35:59.997 | WARNING | [player_damage] {"damage_type": "water", "raw_damage": 1, "actual_damage": 1, "health_remaining": -1, "wetness": 100, "obsidian_armor": 0, "effects": ["wetness_increased:0"]}
2025-03-03 17:35:59.997 | WARNING | [combat] {"attacker": "water_splasher", "attacker_id": 2232750592000, "defender": "player", "defender_id": 2232750589408, "damage_attempted": 1, "damage_type": "water", "actual_damage": 1, "resistance_applied": 0, "effects": ["wetness_increased:0"]}
2025-03-03 17:35:59.997 | WARNING | [player_damage] {"damage_type": "water", "raw_damage": 1, "actual_damage": 1, "health_remaining": -2, "wetness": 100, "obsidian_armor": 0, "effects": ["wetness_increased:0"]}
2025-03-03 17:35:59.998 | WARNING | [combat] {"attacker": "water_splasher", "attacker_id": 2232750592192, "defender": "player", "defender_id": 2232750589408, "damage_attempted": 1, "damage_type": "water", "actual_damage": 1, "resistance_applied": 0, "effects": ["wetness_increased:0"]}
2025-03-03 17:36:00.013 | WARNING | [player_damage] {"damage_type": "water", "raw_damage": 1, "actual_damage": 1, "health_remaining": -3, "wetness": 100, "obsidian_armor": 0, "effects": ["wetness_increased:0.09999999999999432"]}
2025-03-03 17:36:00.014 | WARNING | [combat] {"attacker": "water_splasher", "attacker_id": 2232750591568, "defender": "player", "defender_id": 2232750589408, "damage_attempted": 1, "damage_type": "water", "actual_damage": 1, "resistance_applied": 0, "effects": ["wetness_increased:0.09999999999999432"]}
2025-03-03 17:36:00.014 | WARNING | [player_damage] {"damage_type": "water", "raw_damage": 1, "actual_damage": 1, "health_remaining": -4, "wetness": 100, "obsidian_armor": 0, "effects": ["wetness_increased:0"]}
2025-03-03 17:36:00.014 | WARNING | [combat] {"attacker": "water_splasher", "attacker_id": 2232750591664, "defender": "player", "defender_id": 2232750589408, "damage_attempted": 1, "damage_type": "water", "actual_damage": 1, "resistance_applied": 0, "effects": ["wetness_increased:0"]}
2025-03-03 17:36:00.014 | WARNING | [player_damage] {"damage_type": "water", "raw_damage": 1, "actual_damage": 1, "health_remaining": -5, "wetness": 100, "obsidian_armor": 0, "effects": ["wetness_increased:0"]}
2025-03-03 17:36:00.015 | WARNING | [combat] {"attacker": "water_splasher", "attacker_id": 2232750592000, "defender": "player", "defender_id": 2232750589408, "damage_attempted": 1, "damage_type": "water", "actual_damage": 1, "resistance_applied": 0, "effects": ["wetness_increased:0"]}
2025-03-03 17:36:00.015 | WARNING | [player_damage] {"damage_type": "water", "raw_damage": 1, "actual_damage": 1, "health_remaining": -6, "wetness": 100, "obsidian_armor": 0, "effects": ["wetness_increased:0"]}
2025-03-03 17:36:00.015 | WARNING | [combat] {"attacker": "water_splasher", "attacker_id": 2232750592192, "defender": "player", "defender_id": 2232750589408, "damage_attempted": 1, "damage_type": "water", "actual_damage": 1, "resistance_applied": 0, "effects": ["wetness_increased:0"]}
2025-03-03 17:36:00.028 | WARNING | [player_damage] {"damage_type": "water", "raw_damage": 1, "actual_damage": 1, "health_remaining": -7, "wetness": 100, "obsidian_armor": 0, "effects": ["wetness_increased:0.09999999999999432"]}
2025-03-03 17:36:00.039 | DEBUG | Created game state snapshot: logs\snapshot_20250303_173600.json
2025-03-03 17:36:00.039 | WARNING | [combat] {"attacker": "water_splasher", "attacker_id": 2232750591568, "defender": "player", "defender_id": 2232750589408, "damage_attempted": 1, "damage_type": "water", "actual_damage": 1, "resistance_applied": 0, "effects": ["wetness_increased:0.09999999999999432"]}
2025-03-03 17:36:00.040 | INFO | [attack_missed] {"attacker": "water_splasher", "target": "player"}
2025-03-03 17:36:00.040 | WARNING | [player_damage] {"damage_type": "water", "raw_damage": 1, "actual_damage": 1, "health_remaining": -8, "wetness": 100, "obsidian_armor": 0, "effects": ["wetness_increased:0"]}
2025-03-03 17:36:00.040 | WARNING | [combat] {"attacker": "water_splasher", "attacker_id": 2232750592000, "defender": "player", "defender_id": 2232750589408, "damage_attempted": 1, "damage_type": "water", "actual_damage": 1, "resistance_applied": 0, "effects": ["wetness_increased:0"]}
2025-03-03 17:36:00.041 | WARNING | [player_damage] {"damage_type": "water", "raw_damage": 1, "actual_damage": 1, "health_remaining": -9, "wetness": 100, "obsidian_armor": 0, "effects": ["wetness_increased:0"]}
2025-03-03 17:36:00.041 | WARNING | [combat] {"attacker": "water_splasher", "attacker_id": 2232750592192, "defender": "player", "defender_id": 2232750589408, "damage_attempted": 1, "damage_type": "water", "actual_damage": 1, "resistance_applied": 0, "effects": ["wetness_increased:0"]}
2025-03-03 17:36:00.041 | INFO | [environment] {"area": "BEACH", "enemy_count": 15, "enemy_types": ["water_splasher", "water_splasher", "water_splasher", "water_splasher", "water_splasher", "water_splasher", "water_splasher", "water_splasher", "water_splasher", "water_splasher", "water_splasher", "water_splasher", "water_splasher", "water_splasher", "water_splasher"], "hazards": []}
2025-03-03 17:36:00.041 | INFO | [player] {"health": -9, "max_health": 100, "position": {"x": 400, "y": 300}, "wetness": 100, "fire_resistance": 90.0, "has_obsidian_armor": false, "obsidian_armor_level": 0, "current_area": "BEACH", "damage_dealt": 0, "damage_taken": 109}
2025-03-03 17:36:00.042 | DEBUG | [splash_message] {"message": "Game Over! You died.", "duration": 5.0}
2025-03-03 17:36:00.042 | ERROR | [game_over] {"reason": "player_died", "area": "BEACH", "enemy_count": 15, "playtime": 1.010495901107788}
2025-03-03 17:36:00.089 | WARNING | [game_shutdown] {"playtime": 1.0593090057373047, "final_area": "BEACH", "player_health": -9, "final_state": "quit"}
2025-03-03 17:36:00.090 | DEBUG | Created game state snapshot: logs\snapshot_20250303_173600.json
