2025-03-03 21:11:27.219 | INFO | Game Logger initialized for session: session_20250303_211127_4204
2025-03-03 21:11:27.560 | WARNING | [STATE_player_initialized] {"position": {"x": 400, "y": 300}, "health": 100, "max_health": 100, "speed": 5, "damage": 10, "wetness": 0, "fire_resistance": 0, "obsidian_armor": 0, "current_area": "BEACH", "session_id": 2284914414720, "memory_size": 48}
2025-03-03 21:11:27.565 | DEBUG | Created game state snapshot: logs\sessions\session_20250303_211127_4204\snapshots\snapshot_20250303_211127.json
2025-03-03 21:11:27.565 | INFO | [player] {"health": 100, "max_health": 100, "position": {"x": 400, "y": 300}, "wetness": 0, "fire_resistance": 0, "has_obsidian_armor": false, "obsidian_armor_level": 0, "current_area": "BEACH", "damage_dealt": 0, "damage_taken": 0}
2025-03-03 21:11:27.575 | INFO | [tutorial_initialized] {"total_steps": 11}
2025-03-03 21:11:27.576 | INFO | [DEV_portal_created] {"source_area": "BEACH", "target_area": "VOLCANO", "position": {"x": 700, "y": 300}}
2025-03-03 21:11:27.576 | WARNING | [area_transition] {"player_id": 2284914414720, "old_area": "BEACH", "new_area": "BEACH", "player_health": 100, "wetness": 0, "has_obsidian_armor": false}
2025-03-03 21:11:27.576 | DEBUG | [splash_message] {"message": "Entered BEACH", "duration": 3.0}
2025-03-03 21:11:27.577 | WARNING | [game_initialized] {"screen_size": [800, 600], "starting_area": "BEACH", "fps": 60, "tutorial_enabled": true}
2025-03-03 21:11:27.595 | INFO | [enemy_spawn] {"type": "water_splasher", "id": 2284914417072, "health": 20, "damage": 1, "position": {"x": 550, "y": 300}, "area": "BEACH"}
2025-03-03 21:11:27.596 | INFO | [enemy_spawn] {"type": "lava_splasher", "id": 2284914416640, "health": 100, "damage": 1000, "position": {"x": 900, "y": 300}, "area": "VOLCANO"}
2025-03-03 21:11:27.597 | INFO | [DEV_portal_created] {"source_area": "BEACH", "target_area": "VOLCANO", "position": {"x": 700, "y": 300}}
2025-03-03 21:11:27.597 | WARNING | [tutorial_environment_setup] {"water_enemy_position": [550, 300], "lava_enemy_position": [900, 300], "player_position": [400, 300]}
2025-03-03 21:11:27.597 | INFO | [tutorial_started] {"current_step": 0, "message": "Welcome to the Elemental Progression Game!\nPress SPACE to continue."}
2025-03-03 21:11:27.790 | DEBUG | [DEV_water_splasher_created] {"x": 550, "y": 300, "health": 20, "damage": 1, "splash_effect": 10}
2025-03-03 21:11:27.790 | DEBUG | [DEV_lava_sprite_created] {"x": 900, "y": 300, "health": 100, "damage": 1000}
2025-03-03 21:11:27.790 | DEBUG | [DEV_enemy_ai_decision] Bulk log: 2 entries from 1741065087.6114898 to 1741065087.629413
2025-03-03 21:11:27.790 | DEBUG | [DEV_enemy_ai_decision] First: {"enemy_id": 2284914417072, "enemy_type": "water_splasher", "decision": "move_toward_player", "old_direction": 0.6484009596285417, "new_direction": 3.141592653589793, "distance_to_player": 150.0, "player_position": {"x": 400, "y": 300}}
2025-03-03 21:11:27.790 | DEBUG | [DEV_enemy_ai_decision] Last: {"enemy_id": 2284914416640, "enemy_type": "lava_splasher", "decision": "move_toward_player", "old_direction": 3.73016108027036, "new_direction": 3.141592653589793, "distance_to_player": 365.0, "player_position": {"x": 400, "y": 300}}
2025-03-03 21:11:27.790 | DEBUG | [DEV_enemy_movement] Bulk log: 21 entries from 1741065087.6114898 to 1741065087.7904527
2025-03-03 21:11:27.790 | DEBUG | [DEV_enemy_movement] First: {"enemy_id": 2284914417072, "enemy_type": "water_splasher", "old_position": {"x": 550, "y": 300}, "new_position": {"x": 549, "y": 300}, "delta": {"dx": -1.0, "dy": 1.2246467991473532e-16}, "speed": 1.0, "direction": 3.141592653589793, "direction_changed": true, "moving_toward_player": true}
2025-03-03 21:11:27.790 | DEBUG | [DEV_enemy_movement] Last: {"enemy_id": 2284914417072, "enemy_type": "water_splasher", "old_position": {"x": 540, "y": 300}, "new_position": {"x": 539, "y": 300}, "delta": {"dx": -1.0, "dy": 1.2246467991473532e-16}, "speed": 1.0, "direction": 3.141592653589793, "direction_changed": false, "moving_toward_player": true}
2025-03-03 21:11:27.790 | DEBUG | [DEV_enemy_boundary_correction] {"enemy_id": 2284914416640, "enemy_type": "lava_splasher", "attempted_position": {"x": 899, "y": 300}, "corrected_position": {"x": 765, "y": 300}}
2025-03-03 21:11:28.005 | DEBUG | [DEV_enemy_movement] Bulk log: 26 entries from 1741065087.7904527 to 1741065088.0050032
2025-03-03 21:11:28.006 | DEBUG | [DEV_enemy_movement] First: {"enemy_id": 2284914416640, "enemy_type": "lava_splasher", "old_position": {"x": 756, "y": 300}, "new_position": {"x": 755, "y": 300}, "delta": {"dx": -0.8, "dy": 9.797174393178826e-17}, "speed": 0.8, "direction": 3.141592653589793, "direction_changed": false, "moving_toward_player": true}
2025-03-03 21:11:28.006 | DEBUG | [DEV_enemy_movement] Last: {"enemy_id": 2284914417072, "enemy_type": "water_splasher", "old_position": {"x": 527, "y": 300}, "new_position": {"x": 526, "y": 300}, "delta": {"dx": -1.0, "dy": 1.2246467991473532e-16}, "speed": 1.0, "direction": 3.141592653589793, "direction_changed": false, "moving_toward_player": true}
2025-03-03 21:11:28.217 | DEBUG | [DEV_enemy_movement] Bulk log: 26 entries from 1741065088.006003 to 1741065088.217942
2025-03-03 21:11:28.217 | DEBUG | [DEV_enemy_movement] First: {"enemy_id": 2284914416640, "enemy_type": "lava_splasher", "old_position": {"x": 743, "y": 300}, "new_position": {"x": 742, "y": 300}, "delta": {"dx": -0.8, "dy": 9.797174393178826e-17}, "speed": 0.8, "direction": 3.141592653589793, "direction_changed": false, "moving_toward_player": false}
2025-03-03 21:11:28.218 | DEBUG | [DEV_enemy_movement] Last: {"enemy_id": 2284914417072, "enemy_type": "water_splasher", "old_position": {"x": 514, "y": 300}, "new_position": {"x": 513, "y": 300}, "delta": {"dx": -1.0, "dy": 1.2246467991473532e-16}, "speed": 1.0, "direction": 3.141592653589793, "direction_changed": false, "moving_toward_player": true}
2025-03-03 21:11:28.434 | DEBUG | [DEV_enemy_movement] Bulk log: 26 entries from 1741065088.218946 to 1741065088.4341655
2025-03-03 21:11:28.434 | DEBUG | [DEV_enemy_movement] First: {"enemy_id": 2284914416640, "enemy_type": "lava_splasher", "old_position": {"x": 730, "y": 300}, "new_position": {"x": 729, "y": 300}, "delta": {"dx": -0.8, "dy": 9.797174393178826e-17}, "speed": 0.8, "direction": 3.141592653589793, "direction_changed": false, "moving_toward_player": false}
2025-03-03 21:11:28.434 | DEBUG | [DEV_enemy_movement] Last: {"enemy_id": 2284914417072, "enemy_type": "water_splasher", "old_position": {"x": 501, "y": 300}, "new_position": {"x": 500, "y": 300}, "delta": {"dx": -1.0, "dy": 1.2246467991473532e-16}, "speed": 1.0, "direction": 3.141592653589793, "direction_changed": false, "moving_toward_player": false}
2025-03-03 21:11:28.580 | DEBUG | Compressed 133 log entries to logs\sessions\session_20250303_211127_4204\cache\chunk_1741065088579.gz
2025-03-03 21:11:28.582 | DEBUG | Session session_20250303_211127_4204 cache finalized
